<?xml version="1.0" encoding="UTF-8"?>
<!-- Generated by org.testng.reporters.JUnitReportReporter -->
<testsuite hostname="DESKTOP-CT2HVE6" failures="0" tests="1" name="Registration_process.Register" time="6.203" errors="0" timestamp="2023-02-04T16:42:15 BDT" skipped="0">
  <testcase classname="Registration_process.Register" name="registerUser" time="6.203"/>
  <system-out/>
</testsuite> <!-- Registration_process.Register -->
