<?xml version="1.0" encoding="UTF-8"?>
<!-- Generated by org.testng.reporters.JUnitReportReporter -->
<testsuite hostname="DESKTOP-CT2HVE6" failures="0" tests="1" name="Registration_process.Login" time="3.587" errors="0" timestamp="2023-02-04T16:42:15 BDT" skipped="0">
  <testcase classname="Registration_process.Login" name="login" time="3.587"/>
  <system-out/>
</testsuite> <!-- Registration_process.Login -->
